<?xml version="1.0" encoding="UTF-8"?>
<testsuite xmlns:xsi="http://www.w3.org/2001/XMLSchema-instance" xsi:noNamespaceSchemaLocation="https://maven.apache.org/surefire/maven-surefire-plugin/xsd/surefire-test-report.xsd" name="com.fanzibang.community.CommunityApplicationTests" time="5.14" tests="2" errors="0" skipped="0" failures="0">
  <properties>
    <property name="gopherProxySet" value="false"/>
    <property name="awt.toolkit" value="sun.lwawt.macosx.LWCToolkit"/>
    <property name="file.encoding.pkg" value="sun.io"/>
    <property name="java.specification.version" value="1.8"/>
    <property name="sun.cpu.isalist" value=""/>
    <property name="sun.jnu.encoding" value="UTF-8"/>
    <property name="java.class.path" value="/Users/BrantleyFan/JavaProject/Community/target/test-classes:/Users/BrantleyFan/JavaProject/Community/target/classes:/Users/BrantleyFan/DevEnvironment/apache-maven-3.8.1/maven-repo/org/springframework/boot/spring-boot-starter-web/2.5.12/spring-boot-starter-web-2.5.12.jar:/Users/BrantleyFan/DevEnvironment/apache-maven-3.8.1/maven-repo/org/springframework/boot/spring-boot-starter/2.5.12/spring-boot-starter-2.5.12.jar:/Users/BrantleyFan/DevEnvironment/apache-maven-3.8.1/maven-repo/org/springframework/boot/spring-boot-starter-logging/2.5.12/spring-boot-starter-logging-2.5.12.jar:/Users/BrantleyFan/DevEnvironment/apache-maven-3.8.1/maven-repo/ch/qos/logback/logback-classic/1.2.11/logback-classic-1.2.11.jar:/Users/BrantleyFan/DevEnvironment/apache-maven-3.8.1/maven-repo/ch/qos/logback/logback-core/1.2.11/logback-core-1.2.11.jar:/Users/BrantleyFan/DevEnvironment/apache-maven-3.8.1/maven-repo/org/apache/logging/log4j/log4j-to-slf4j/2.17.2/log4j-to-slf4j-2.17.2.jar:/Users/BrantleyFan/DevEnvironment/apache-maven-3.8.1/maven-repo/org/apache/logging/log4j/log4j-api/2.17.2/log4j-api-2.17.2.jar:/Users/BrantleyFan/DevEnvironment/apache-maven-3.8.1/maven-repo/org/slf4j/jul-to-slf4j/1.7.36/jul-to-slf4j-1.7.36.jar:/Users/BrantleyFan/DevEnvironment/apache-maven-3.8.1/maven-repo/jakarta/annotation/jakarta.annotation-api/1.3.5/jakarta.annotation-api-1.3.5.jar:/Users/BrantleyFan/DevEnvironment/apache-maven-3.8.1/maven-repo/org/yaml/snakeyaml/1.28/snakeyaml-1.28.jar:/Users/BrantleyFan/DevEnvironment/apache-maven-3.8.1/maven-repo/org/springframework/boot/spring-boot-starter-json/2.5.12/spring-boot-starter-json-2.5.12.jar:/Users/BrantleyFan/DevEnvironment/apache-maven-3.8.1/maven-repo/com/fasterxml/jackson/datatype/jackson-datatype-jdk8/2.12.6/jackson-datatype-jdk8-2.12.6.jar:/Users/BrantleyFan/DevEnvironment/apache-maven-3.8.1/maven-repo/com/fasterxml/jackson/datatype/jackson-datatype-jsr310/2.12.6/jackson-datatype-jsr310-2.12.6.jar:/Users/BrantleyFan/DevEnvironment/apache-maven-3.8.1/maven-repo/com/fasterxml/jackson/module/jackson-module-parameter-names/2.12.6/jackson-module-parameter-names-2.12.6.jar:/Users/BrantleyFan/DevEnvironment/apache-maven-3.8.1/maven-repo/org/springframework/boot/spring-boot-starter-tomcat/2.5.12/spring-boot-starter-tomcat-2.5.12.jar:/Users/BrantleyFan/DevEnvironment/apache-maven-3.8.1/maven-repo/org/apache/tomcat/embed/tomcat-embed-core/9.0.60/tomcat-embed-core-9.0.60.jar:/Users/BrantleyFan/DevEnvironment/apache-maven-3.8.1/maven-repo/org/apache/tomcat/embed/tomcat-embed-el/9.0.60/tomcat-embed-el-9.0.60.jar:/Users/BrantleyFan/DevEnvironment/apache-maven-3.8.1/maven-repo/org/apache/tomcat/embed/tomcat-embed-websocket/9.0.60/tomcat-embed-websocket-9.0.60.jar:/Users/BrantleyFan/DevEnvironment/apache-maven-3.8.1/maven-repo/org/springframework/spring-web/5.3.18/spring-web-5.3.18.jar:/Users/BrantleyFan/DevEnvironment/apache-maven-3.8.1/maven-repo/org/springframework/spring-beans/5.3.18/spring-beans-5.3.18.jar:/Users/BrantleyFan/DevEnvironment/apache-maven-3.8.1/maven-repo/org/springframework/spring-webmvc/5.3.18/spring-webmvc-5.3.18.jar:/Users/BrantleyFan/DevEnvironment/apache-maven-3.8.1/maven-repo/org/springframework/spring-context/5.3.18/spring-context-5.3.18.jar:/Users/BrantleyFan/DevEnvironment/apache-maven-3.8.1/maven-repo/org/springframework/spring-expression/5.3.18/spring-expression-5.3.18.jar:/Users/BrantleyFan/DevEnvironment/apache-maven-3.8.1/maven-repo/org/springframework/boot/spring-boot-devtools/2.5.12/spring-boot-devtools-2.5.12.jar:/Users/BrantleyFan/DevEnvironment/apache-maven-3.8.1/maven-repo/org/springframework/boot/spring-boot/2.5.12/spring-boot-2.5.12.jar:/Users/BrantleyFan/DevEnvironment/apache-maven-3.8.1/maven-repo/org/springframework/boot/spring-boot-autoconfigure/2.5.12/spring-boot-autoconfigure-2.5.12.jar:/Users/BrantleyFan/DevEnvironment/apache-maven-3.8.1/maven-repo/org/projectlombok/lombok/1.18.22/lombok-1.18.22.jar:/Users/BrantleyFan/DevEnvironment/apache-maven-3.8.1/maven-repo/org/springframework/boot/spring-boot-starter-test/2.5.12/spring-boot-starter-test-2.5.12.jar:/Users/BrantleyFan/DevEnvironment/apache-maven-3.8.1/maven-repo/org/springframework/boot/spring-boot-test/2.5.12/spring-boot-test-2.5.12.jar:/Users/BrantleyFan/DevEnvironment/apache-maven-3.8.1/maven-repo/org/springframework/boot/spring-boot-test-autoconfigure/2.5.12/spring-boot-test-autoconfigure-2.5.12.jar:/Users/BrantleyFan/DevEnvironment/apache-maven-3.8.1/maven-repo/com/jayway/jsonpath/json-path/2.5.0/json-path-2.5.0.jar:/Users/BrantleyFan/DevEnvironment/apache-maven-3.8.1/maven-repo/net/minidev/json-smart/2.4.8/json-smart-2.4.8.jar:/Users/BrantleyFan/DevEnvironment/apache-maven-3.8.1/maven-repo/net/minidev/accessors-smart/2.4.8/accessors-smart-2.4.8.jar:/Users/BrantleyFan/DevEnvironment/apache-maven-3.8.1/maven-repo/org/ow2/asm/asm/9.1/asm-9.1.jar:/Users/BrantleyFan/DevEnvironment/apache-maven-3.8.1/maven-repo/jakarta/xml/bind/jakarta.xml.bind-api/2.3.3/jakarta.xml.bind-api-2.3.3.jar:/Users/BrantleyFan/DevEnvironment/apache-maven-3.8.1/maven-repo/jakarta/activation/jakarta.activation-api/1.2.2/jakarta.activation-api-1.2.2.jar:/Users/BrantleyFan/DevEnvironment/apache-maven-3.8.1/maven-repo/org/assertj/assertj-core/3.19.0/assertj-core-3.19.0.jar:/Users/BrantleyFan/DevEnvironment/apache-maven-3.8.1/maven-repo/org/hamcrest/hamcrest/2.2/hamcrest-2.2.jar:/Users/BrantleyFan/DevEnvironment/apache-maven-3.8.1/maven-repo/org/junit/jupiter/junit-jupiter/5.7.2/junit-jupiter-5.7.2.jar:/Users/BrantleyFan/DevEnvironment/apache-maven-3.8.1/maven-repo/org/junit/jupiter/junit-jupiter-api/5.7.2/junit-jupiter-api-5.7.2.jar:/Users/BrantleyFan/DevEnvironment/apache-maven-3.8.1/maven-repo/org/apiguardian/apiguardian-api/1.1.0/apiguardian-api-1.1.0.jar:/Users/BrantleyFan/DevEnvironment/apache-maven-3.8.1/maven-repo/org/opentest4j/opentest4j/1.2.0/opentest4j-1.2.0.jar:/Users/BrantleyFan/DevEnvironment/apache-maven-3.8.1/maven-repo/org/junit/platform/junit-platform-commons/1.7.2/junit-platform-commons-1.7.2.jar:/Users/BrantleyFan/DevEnvironment/apache-maven-3.8.1/maven-repo/org/junit/jupiter/junit-jupiter-params/5.7.2/junit-jupiter-params-5.7.2.jar:/Users/BrantleyFan/DevEnvironment/apache-maven-3.8.1/maven-repo/org/junit/jupiter/junit-jupiter-engine/5.7.2/junit-jupiter-engine-5.7.2.jar:/Users/BrantleyFan/DevEnvironment/apache-maven-3.8.1/maven-repo/org/junit/platform/junit-platform-engine/1.7.2/junit-platform-engine-1.7.2.jar:/Users/BrantleyFan/DevEnvironment/apache-maven-3.8.1/maven-repo/org/mockito/mockito-core/3.9.0/mockito-core-3.9.0.jar:/Users/BrantleyFan/DevEnvironment/apache-maven-3.8.1/maven-repo/net/bytebuddy/byte-buddy/1.10.22/byte-buddy-1.10.22.jar:/Users/BrantleyFan/DevEnvironment/apache-maven-3.8.1/maven-repo/net/bytebuddy/byte-buddy-agent/1.10.22/byte-buddy-agent-1.10.22.jar:/Users/BrantleyFan/DevEnvironment/apache-maven-3.8.1/maven-repo/org/objenesis/objenesis/3.2/objenesis-3.2.jar:/Users/BrantleyFan/DevEnvironment/apache-maven-3.8.1/maven-repo/org/mockito/mockito-junit-jupiter/3.9.0/mockito-junit-jupiter-3.9.0.jar:/Users/BrantleyFan/DevEnvironment/apache-maven-3.8.1/maven-repo/org/skyscreamer/jsonassert/1.5.0/jsonassert-1.5.0.jar:/Users/BrantleyFan/DevEnvironment/apache-maven-3.8.1/maven-repo/com/vaadin/external/google/android-json/0.0.20131108.vaadin1/android-json-0.0.20131108.vaadin1.jar:/Users/BrantleyFan/DevEnvironment/apache-maven-3.8.1/maven-repo/org/springframework/spring-core/5.3.18/spring-core-5.3.18.jar:/Users/BrantleyFan/DevEnvironment/apache-maven-3.8.1/maven-repo/org/springframework/spring-jcl/5.3.18/spring-jcl-5.3.18.jar:/Users/BrantleyFan/DevEnvironment/apache-maven-3.8.1/maven-repo/org/springframework/spring-test/5.3.18/spring-test-5.3.18.jar:/Users/BrantleyFan/DevEnvironment/apache-maven-3.8.1/maven-repo/org/xmlunit/xmlunit-core/2.8.4/xmlunit-core-2.8.4.jar:/Users/BrantleyFan/DevEnvironment/apache-maven-3.8.1/maven-repo/org/springframework/boot/spring-boot-starter-security/2.5.12/spring-boot-starter-security-2.5.12.jar:/Users/BrantleyFan/DevEnvironment/apache-maven-3.8.1/maven-repo/org/springframework/spring-aop/5.3.18/spring-aop-5.3.18.jar:/Users/BrantleyFan/DevEnvironment/apache-maven-3.8.1/maven-repo/org/springframework/security/spring-security-config/5.5.5/spring-security-config-5.5.5.jar:/Users/BrantleyFan/DevEnvironment/apache-maven-3.8.1/maven-repo/org/springframework/security/spring-security-core/5.5.5/spring-security-core-5.5.5.jar:/Users/BrantleyFan/DevEnvironment/apache-maven-3.8.1/maven-repo/org/springframework/security/spring-security-crypto/5.5.5/spring-security-crypto-5.5.5.jar:/Users/BrantleyFan/DevEnvironment/apache-maven-3.8.1/maven-repo/org/springframework/security/spring-security-web/5.5.5/spring-security-web-5.5.5.jar:/Users/BrantleyFan/DevEnvironment/apache-maven-3.8.1/maven-repo/org/springframework/boot/spring-boot-starter-mail/2.5.12/spring-boot-starter-mail-2.5.12.jar:/Users/BrantleyFan/DevEnvironment/apache-maven-3.8.1/maven-repo/org/springframework/spring-context-support/5.3.18/spring-context-support-5.3.18.jar:/Users/BrantleyFan/DevEnvironment/apache-maven-3.8.1/maven-repo/com/sun/mail/jakarta.mail/1.6.7/jakarta.mail-1.6.7.jar:/Users/BrantleyFan/DevEnvironment/apache-maven-3.8.1/maven-repo/com/sun/activation/jakarta.activation/1.2.2/jakarta.activation-1.2.2.jar:/Users/BrantleyFan/DevEnvironment/apache-maven-3.8.1/maven-repo/com/alibaba/druid-spring-boot-starter/1.1.17/druid-spring-boot-starter-1.1.17.jar:/Users/BrantleyFan/DevEnvironment/apache-maven-3.8.1/maven-repo/com/alibaba/druid/1.1.17/druid-1.1.17.jar:/Users/BrantleyFan/DevEnvironment/apache-maven-3.8.1/maven-repo/org/slf4j/slf4j-api/1.7.36/slf4j-api-1.7.36.jar:/Users/BrantleyFan/DevEnvironment/apache-maven-3.8.1/maven-repo/com/baomidou/mybatis-plus-boot-starter/3.5.1/mybatis-plus-boot-starter-3.5.1.jar:/Users/BrantleyFan/DevEnvironment/apache-maven-3.8.1/maven-repo/com/baomidou/mybatis-plus/3.5.1/mybatis-plus-3.5.1.jar:/Users/BrantleyFan/DevEnvironment/apache-maven-3.8.1/maven-repo/com/baomidou/mybatis-plus-extension/3.5.1/mybatis-plus-extension-3.5.1.jar:/Users/BrantleyFan/DevEnvironment/apache-maven-3.8.1/maven-repo/com/baomidou/mybatis-plus-core/3.5.1/mybatis-plus-core-3.5.1.jar:/Users/BrantleyFan/DevEnvironment/apache-maven-3.8.1/maven-repo/com/baomidou/mybatis-plus-annotation/3.5.1/mybatis-plus-annotation-3.5.1.jar:/Users/BrantleyFan/DevEnvironment/apache-maven-3.8.1/maven-repo/com/github/jsqlparser/jsqlparser/4.3/jsqlparser-4.3.jar:/Users/BrantleyFan/DevEnvironment/apache-maven-3.8.1/maven-repo/org/mybatis/mybatis/3.5.9/mybatis-3.5.9.jar:/Users/BrantleyFan/DevEnvironment/apache-maven-3.8.1/maven-repo/org/mybatis/mybatis-spring/2.0.6/mybatis-spring-2.0.6.jar:/Users/BrantleyFan/DevEnvironment/apache-maven-3.8.1/maven-repo/org/springframework/boot/spring-boot-starter-jdbc/2.5.12/spring-boot-starter-jdbc-2.5.12.jar:/Users/BrantleyFan/DevEnvironment/apache-maven-3.8.1/maven-repo/com/zaxxer/HikariCP/4.0.3/HikariCP-4.0.3.jar:/Users/BrantleyFan/DevEnvironment/apache-maven-3.8.1/maven-repo/org/springframework/spring-jdbc/5.3.18/spring-jdbc-5.3.18.jar:/Users/BrantleyFan/DevEnvironment/apache-maven-3.8.1/maven-repo/org/springframework/boot/spring-boot-starter-data-redis/2.5.12/spring-boot-starter-data-redis-2.5.12.jar:/Users/BrantleyFan/DevEnvironment/apache-maven-3.8.1/maven-repo/org/springframework/data/spring-data-redis/2.5.10/spring-data-redis-2.5.10.jar:/Users/BrantleyFan/DevEnvironment/apache-maven-3.8.1/maven-repo/org/springframework/data/spring-data-keyvalue/2.5.10/spring-data-keyvalue-2.5.10.jar:/Users/BrantleyFan/DevEnvironment/apache-maven-3.8.1/maven-repo/org/springframework/data/spring-data-commons/2.5.10/spring-data-commons-2.5.10.jar:/Users/BrantleyFan/DevEnvironment/apache-maven-3.8.1/maven-repo/org/springframework/spring-tx/5.3.18/spring-tx-5.3.18.jar:/Users/BrantleyFan/DevEnvironment/apache-maven-3.8.1/maven-repo/org/springframework/spring-oxm/5.3.18/spring-oxm-5.3.18.jar:/Users/BrantleyFan/DevEnvironment/apache-maven-3.8.1/maven-repo/io/lettuce/lettuce-core/6.1.8.RELEASE/lettuce-core-6.1.8.RELEASE.jar:/Users/BrantleyFan/DevEnvironment/apache-maven-3.8.1/maven-repo/io/netty/netty-common/4.1.75.Final/netty-common-4.1.75.Final.jar:/Users/BrantleyFan/DevEnvironment/apache-maven-3.8.1/maven-repo/io/netty/netty-handler/4.1.75.Final/netty-handler-4.1.75.Final.jar:/Users/BrantleyFan/DevEnvironment/apache-maven-3.8.1/maven-repo/io/netty/netty-resolver/4.1.75.Final/netty-resolver-4.1.75.Final.jar:/Users/BrantleyFan/DevEnvironment/apache-maven-3.8.1/maven-repo/io/netty/netty-buffer/4.1.75.Final/netty-buffer-4.1.75.Final.jar:/Users/BrantleyFan/DevEnvironment/apache-maven-3.8.1/maven-repo/io/netty/netty-codec/4.1.75.Final/netty-codec-4.1.75.Final.jar:/Users/BrantleyFan/DevEnvironment/apache-maven-3.8.1/maven-repo/io/netty/netty-transport/4.1.75.Final/netty-transport-4.1.75.Final.jar:/Users/BrantleyFan/DevEnvironment/apache-maven-3.8.1/maven-repo/io/projectreactor/reactor-core/3.4.16/reactor-core-3.4.16.jar:/Users/BrantleyFan/DevEnvironment/apache-maven-3.8.1/maven-repo/org/reactivestreams/reactive-streams/1.0.3/reactive-streams-1.0.3.jar:/Users/BrantleyFan/DevEnvironment/apache-maven-3.8.1/maven-repo/org/apache/commons/commons-pool2/2.9.0/commons-pool2-2.9.0.jar:/Users/BrantleyFan/DevEnvironment/apache-maven-3.8.1/maven-repo/mysql/mysql-connector-java/8.0.28/mysql-connector-java-8.0.28.jar:/Users/BrantleyFan/DevEnvironment/apache-maven-3.8.1/maven-repo/cn/hutool/hutool-all/4.5.7/hutool-all-4.5.7.jar:/Users/BrantleyFan/DevEnvironment/apache-maven-3.8.1/maven-repo/io/jsonwebtoken/jjwt/0.9.0/jjwt-0.9.0.jar:/Users/BrantleyFan/DevEnvironment/apache-maven-3.8.1/maven-repo/com/fasterxml/jackson/core/jackson-databind/2.12.6.1/jackson-databind-2.12.6.1.jar:/Users/BrantleyFan/DevEnvironment/apache-maven-3.8.1/maven-repo/com/fasterxml/jackson/core/jackson-annotations/2.12.6/jackson-annotations-2.12.6.jar:/Users/BrantleyFan/DevEnvironment/apache-maven-3.8.1/maven-repo/com/fasterxml/jackson/core/jackson-core/2.12.6/jackson-core-2.12.6.jar:/Users/BrantleyFan/DevEnvironment/apache-maven-3.8.1/maven-repo/com/alibaba/fastjson/1.2.33/fastjson-1.2.33.jar:"/>
    <property name="java.vm.vendor" value="Oracle Corporation"/>
    <property name="sun.arch.data.model" value="64"/>
    <property name="java.vendor.url" value="http://java.oracle.com/"/>
    <property name="user.timezone" value=""/>
    <property name="java.vm.specification.version" value="1.8"/>
    <property name="os.name" value="Mac OS X"/>
    <property name="user.country" value="CN"/>
    <property name="sun.java.launcher" value="SUN_STANDARD"/>
    <property name="sun.boot.library.path" value="/Library/Java/JavaVirtualMachines/jdk1.8.0_291.jdk/Contents/Home/jre/lib"/>
    <property name="sun.java.command" value="/Users/BrantleyFan/JavaProject/Community/target/surefire/surefirebooter446907854328020392.jar /Users/BrantleyFan/JavaProject/Community/target/surefire 2022-05-10T17-09-10_224-jvmRun1 surefire3144928844895840355tmp surefire_04791137799157492608tmp"/>
    <property name="surefire.test.class.path" value="/Users/BrantleyFan/JavaProject/Community/target/test-classes:/Users/BrantleyFan/JavaProject/Community/target/classes:/Users/BrantleyFan/DevEnvironment/apache-maven-3.8.1/maven-repo/org/springframework/boot/spring-boot-starter-web/2.5.12/spring-boot-starter-web-2.5.12.jar:/Users/BrantleyFan/DevEnvironment/apache-maven-3.8.1/maven-repo/org/springframework/boot/spring-boot-starter/2.5.12/spring-boot-starter-2.5.12.jar:/Users/BrantleyFan/DevEnvironment/apache-maven-3.8.1/maven-repo/org/springframework/boot/spring-boot-starter-logging/2.5.12/spring-boot-starter-logging-2.5.12.jar:/Users/BrantleyFan/DevEnvironment/apache-maven-3.8.1/maven-repo/ch/qos/logback/logback-classic/1.2.11/logback-classic-1.2.11.jar:/Users/BrantleyFan/DevEnvironment/apache-maven-3.8.1/maven-repo/ch/qos/logback/logback-core/1.2.11/logback-core-1.2.11.jar:/Users/BrantleyFan/DevEnvironment/apache-maven-3.8.1/maven-repo/org/apache/logging/log4j/log4j-to-slf4j/2.17.2/log4j-to-slf4j-2.17.2.jar:/Users/BrantleyFan/DevEnvironment/apache-maven-3.8.1/maven-repo/org/apache/logging/log4j/log4j-api/2.17.2/log4j-api-2.17.2.jar:/Users/BrantleyFan/DevEnvironment/apache-maven-3.8.1/maven-repo/org/slf4j/jul-to-slf4j/1.7.36/jul-to-slf4j-1.7.36.jar:/Users/BrantleyFan/DevEnvironment/apache-maven-3.8.1/maven-repo/jakarta/annotation/jakarta.annotation-api/1.3.5/jakarta.annotation-api-1.3.5.jar:/Users/BrantleyFan/DevEnvironment/apache-maven-3.8.1/maven-repo/org/yaml/snakeyaml/1.28/snakeyaml-1.28.jar:/Users/BrantleyFan/DevEnvironment/apache-maven-3.8.1/maven-repo/org/springframework/boot/spring-boot-starter-json/2.5.12/spring-boot-starter-json-2.5.12.jar:/Users/BrantleyFan/DevEnvironment/apache-maven-3.8.1/maven-repo/com/fasterxml/jackson/datatype/jackson-datatype-jdk8/2.12.6/jackson-datatype-jdk8-2.12.6.jar:/Users/BrantleyFan/DevEnvironment/apache-maven-3.8.1/maven-repo/com/fasterxml/jackson/datatype/jackson-datatype-jsr310/2.12.6/jackson-datatype-jsr310-2.12.6.jar:/Users/BrantleyFan/DevEnvironment/apache-maven-3.8.1/maven-repo/com/fasterxml/jackson/module/jackson-module-parameter-names/2.12.6/jackson-module-parameter-names-2.12.6.jar:/Users/BrantleyFan/DevEnvironment/apache-maven-3.8.1/maven-repo/org/springframework/boot/spring-boot-starter-tomcat/2.5.12/spring-boot-starter-tomcat-2.5.12.jar:/Users/BrantleyFan/DevEnvironment/apache-maven-3.8.1/maven-repo/org/apache/tomcat/embed/tomcat-embed-core/9.0.60/tomcat-embed-core-9.0.60.jar:/Users/BrantleyFan/DevEnvironment/apache-maven-3.8.1/maven-repo/org/apache/tomcat/embed/tomcat-embed-el/9.0.60/tomcat-embed-el-9.0.60.jar:/Users/BrantleyFan/DevEnvironment/apache-maven-3.8.1/maven-repo/org/apache/tomcat/embed/tomcat-embed-websocket/9.0.60/tomcat-embed-websocket-9.0.60.jar:/Users/BrantleyFan/DevEnvironment/apache-maven-3.8.1/maven-repo/org/springframework/spring-web/5.3.18/spring-web-5.3.18.jar:/Users/BrantleyFan/DevEnvironment/apache-maven-3.8.1/maven-repo/org/springframework/spring-beans/5.3.18/spring-beans-5.3.18.jar:/Users/BrantleyFan/DevEnvironment/apache-maven-3.8.1/maven-repo/org/springframework/spring-webmvc/5.3.18/spring-webmvc-5.3.18.jar:/Users/BrantleyFan/DevEnvironment/apache-maven-3.8.1/maven-repo/org/springframework/spring-context/5.3.18/spring-context-5.3.18.jar:/Users/BrantleyFan/DevEnvironment/apache-maven-3.8.1/maven-repo/org/springframework/spring-expression/5.3.18/spring-expression-5.3.18.jar:/Users/BrantleyFan/DevEnvironment/apache-maven-3.8.1/maven-repo/org/springframework/boot/spring-boot-devtools/2.5.12/spring-boot-devtools-2.5.12.jar:/Users/BrantleyFan/DevEnvironment/apache-maven-3.8.1/maven-repo/org/springframework/boot/spring-boot/2.5.12/spring-boot-2.5.12.jar:/Users/BrantleyFan/DevEnvironment/apache-maven-3.8.1/maven-repo/org/springframework/boot/spring-boot-autoconfigure/2.5.12/spring-boot-autoconfigure-2.5.12.jar:/Users/BrantleyFan/DevEnvironment/apache-maven-3.8.1/maven-repo/org/projectlombok/lombok/1.18.22/lombok-1.18.22.jar:/Users/BrantleyFan/DevEnvironment/apache-maven-3.8.1/maven-repo/org/springframework/boot/spring-boot-starter-test/2.5.12/spring-boot-starter-test-2.5.12.jar:/Users/BrantleyFan/DevEnvironment/apache-maven-3.8.1/maven-repo/org/springframework/boot/spring-boot-test/2.5.12/spring-boot-test-2.5.12.jar:/Users/BrantleyFan/DevEnvironment/apache-maven-3.8.1/maven-repo/org/springframework/boot/spring-boot-test-autoconfigure/2.5.12/spring-boot-test-autoconfigure-2.5.12.jar:/Users/BrantleyFan/DevEnvironment/apache-maven-3.8.1/maven-repo/com/jayway/jsonpath/json-path/2.5.0/json-path-2.5.0.jar:/Users/BrantleyFan/DevEnvironment/apache-maven-3.8.1/maven-repo/net/minidev/json-smart/2.4.8/json-smart-2.4.8.jar:/Users/BrantleyFan/DevEnvironment/apache-maven-3.8.1/maven-repo/net/minidev/accessors-smart/2.4.8/accessors-smart-2.4.8.jar:/Users/BrantleyFan/DevEnvironment/apache-maven-3.8.1/maven-repo/org/ow2/asm/asm/9.1/asm-9.1.jar:/Users/BrantleyFan/DevEnvironment/apache-maven-3.8.1/maven-repo/jakarta/xml/bind/jakarta.xml.bind-api/2.3.3/jakarta.xml.bind-api-2.3.3.jar:/Users/BrantleyFan/DevEnvironment/apache-maven-3.8.1/maven-repo/jakarta/activation/jakarta.activation-api/1.2.2/jakarta.activation-api-1.2.2.jar:/Users/BrantleyFan/DevEnvironment/apache-maven-3.8.1/maven-repo/org/assertj/assertj-core/3.19.0/assertj-core-3.19.0.jar:/Users/BrantleyFan/DevEnvironment/apache-maven-3.8.1/maven-repo/org/hamcrest/hamcrest/2.2/hamcrest-2.2.jar:/Users/BrantleyFan/DevEnvironment/apache-maven-3.8.1/maven-repo/org/junit/jupiter/junit-jupiter/5.7.2/junit-jupiter-5.7.2.jar:/Users/BrantleyFan/DevEnvironment/apache-maven-3.8.1/maven-repo/org/junit/jupiter/junit-jupiter-api/5.7.2/junit-jupiter-api-5.7.2.jar:/Users/BrantleyFan/DevEnvironment/apache-maven-3.8.1/maven-repo/org/apiguardian/apiguardian-api/1.1.0/apiguardian-api-1.1.0.jar:/Users/BrantleyFan/DevEnvironment/apache-maven-3.8.1/maven-repo/org/opentest4j/opentest4j/1.2.0/opentest4j-1.2.0.jar:/Users/BrantleyFan/DevEnvironment/apache-maven-3.8.1/maven-repo/org/junit/platform/junit-platform-commons/1.7.2/junit-platform-commons-1.7.2.jar:/Users/BrantleyFan/DevEnvironment/apache-maven-3.8.1/maven-repo/org/junit/jupiter/junit-jupiter-params/5.7.2/junit-jupiter-params-5.7.2.jar:/Users/BrantleyFan/DevEnvironment/apache-maven-3.8.1/maven-repo/org/junit/jupiter/junit-jupiter-engine/5.7.2/junit-jupiter-engine-5.7.2.jar:/Users/BrantleyFan/DevEnvironment/apache-maven-3.8.1/maven-repo/org/junit/platform/junit-platform-engine/1.7.2/junit-platform-engine-1.7.2.jar:/Users/BrantleyFan/DevEnvironment/apache-maven-3.8.1/maven-repo/org/mockito/mockito-core/3.9.0/mockito-core-3.9.0.jar:/Users/BrantleyFan/DevEnvironment/apache-maven-3.8.1/maven-repo/net/bytebuddy/byte-buddy/1.10.22/byte-buddy-1.10.22.jar:/Users/BrantleyFan/DevEnvironment/apache-maven-3.8.1/maven-repo/net/bytebuddy/byte-buddy-agent/1.10.22/byte-buddy-agent-1.10.22.jar:/Users/BrantleyFan/DevEnvironment/apache-maven-3.8.1/maven-repo/org/objenesis/objenesis/3.2/objenesis-3.2.jar:/Users/BrantleyFan/DevEnvironment/apache-maven-3.8.1/maven-repo/org/mockito/mockito-junit-jupiter/3.9.0/mockito-junit-jupiter-3.9.0.jar:/Users/BrantleyFan/DevEnvironment/apache-maven-3.8.1/maven-repo/org/skyscreamer/jsonassert/1.5.0/jsonassert-1.5.0.jar:/Users/BrantleyFan/DevEnvironment/apache-maven-3.8.1/maven-repo/com/vaadin/external/google/android-json/0.0.20131108.vaadin1/android-json-0.0.20131108.vaadin1.jar:/Users/BrantleyFan/DevEnvironment/apache-maven-3.8.1/maven-repo/org/springframework/spring-core/5.3.18/spring-core-5.3.18.jar:/Users/BrantleyFan/DevEnvironment/apache-maven-3.8.1/maven-repo/org/springframework/spring-jcl/5.3.18/spring-jcl-5.3.18.jar:/Users/BrantleyFan/DevEnvironment/apache-maven-3.8.1/maven-repo/org/springframework/spring-test/5.3.18/spring-test-5.3.18.jar:/Users/BrantleyFan/DevEnvironment/apache-maven-3.8.1/maven-repo/org/xmlunit/xmlunit-core/2.8.4/xmlunit-core-2.8.4.jar:/Users/BrantleyFan/DevEnvironment/apache-maven-3.8.1/maven-repo/org/springframework/boot/spring-boot-starter-security/2.5.12/spring-boot-starter-security-2.5.12.jar:/Users/BrantleyFan/DevEnvironment/apache-maven-3.8.1/maven-repo/org/springframework/spring-aop/5.3.18/spring-aop-5.3.18.jar:/Users/BrantleyFan/DevEnvironment/apache-maven-3.8.1/maven-repo/org/springframework/security/spring-security-config/5.5.5/spring-security-config-5.5.5.jar:/Users/BrantleyFan/DevEnvironment/apache-maven-3.8.1/maven-repo/org/springframework/security/spring-security-core/5.5.5/spring-security-core-5.5.5.jar:/Users/BrantleyFan/DevEnvironment/apache-maven-3.8.1/maven-repo/org/springframework/security/spring-security-crypto/5.5.5/spring-security-crypto-5.5.5.jar:/Users/BrantleyFan/DevEnvironment/apache-maven-3.8.1/maven-repo/org/springframework/security/spring-security-web/5.5.5/spring-security-web-5.5.5.jar:/Users/BrantleyFan/DevEnvironment/apache-maven-3.8.1/maven-repo/org/springframework/boot/spring-boot-starter-mail/2.5.12/spring-boot-starter-mail-2.5.12.jar:/Users/BrantleyFan/DevEnvironment/apache-maven-3.8.1/maven-repo/org/springframework/spring-context-support/5.3.18/spring-context-support-5.3.18.jar:/Users/BrantleyFan/DevEnvironment/apache-maven-3.8.1/maven-repo/com/sun/mail/jakarta.mail/1.6.7/jakarta.mail-1.6.7.jar:/Users/BrantleyFan/DevEnvironment/apache-maven-3.8.1/maven-repo/com/sun/activation/jakarta.activation/1.2.2/jakarta.activation-1.2.2.jar:/Users/BrantleyFan/DevEnvironment/apache-maven-3.8.1/maven-repo/com/alibaba/druid-spring-boot-starter/1.1.17/druid-spring-boot-starter-1.1.17.jar:/Users/BrantleyFan/DevEnvironment/apache-maven-3.8.1/maven-repo/com/alibaba/druid/1.1.17/druid-1.1.17.jar:/Users/BrantleyFan/DevEnvironment/apache-maven-3.8.1/maven-repo/org/slf4j/slf4j-api/1.7.36/slf4j-api-1.7.36.jar:/Users/BrantleyFan/DevEnvironment/apache-maven-3.8.1/maven-repo/com/baomidou/mybatis-plus-boot-starter/3.5.1/mybatis-plus-boot-starter-3.5.1.jar:/Users/BrantleyFan/DevEnvironment/apache-maven-3.8.1/maven-repo/com/baomidou/mybatis-plus/3.5.1/mybatis-plus-3.5.1.jar:/Users/BrantleyFan/DevEnvironment/apache-maven-3.8.1/maven-repo/com/baomidou/mybatis-plus-extension/3.5.1/mybatis-plus-extension-3.5.1.jar:/Users/BrantleyFan/DevEnvironment/apache-maven-3.8.1/maven-repo/com/baomidou/mybatis-plus-core/3.5.1/mybatis-plus-core-3.5.1.jar:/Users/BrantleyFan/DevEnvironment/apache-maven-3.8.1/maven-repo/com/baomidou/mybatis-plus-annotation/3.5.1/mybatis-plus-annotation-3.5.1.jar:/Users/BrantleyFan/DevEnvironment/apache-maven-3.8.1/maven-repo/com/github/jsqlparser/jsqlparser/4.3/jsqlparser-4.3.jar:/Users/BrantleyFan/DevEnvironment/apache-maven-3.8.1/maven-repo/org/mybatis/mybatis/3.5.9/mybatis-3.5.9.jar:/Users/BrantleyFan/DevEnvironment/apache-maven-3.8.1/maven-repo/org/mybatis/mybatis-spring/2.0.6/mybatis-spring-2.0.6.jar:/Users/BrantleyFan/DevEnvironment/apache-maven-3.8.1/maven-repo/org/springframework/boot/spring-boot-starter-jdbc/2.5.12/spring-boot-starter-jdbc-2.5.12.jar:/Users/BrantleyFan/DevEnvironment/apache-maven-3.8.1/maven-repo/com/zaxxer/HikariCP/4.0.3/HikariCP-4.0.3.jar:/Users/BrantleyFan/DevEnvironment/apache-maven-3.8.1/maven-repo/org/springframework/spring-jdbc/5.3.18/spring-jdbc-5.3.18.jar:/Users/BrantleyFan/DevEnvironment/apache-maven-3.8.1/maven-repo/org/springframework/boot/spring-boot-starter-data-redis/2.5.12/spring-boot-starter-data-redis-2.5.12.jar:/Users/BrantleyFan/DevEnvironment/apache-maven-3.8.1/maven-repo/org/springframework/data/spring-data-redis/2.5.10/spring-data-redis-2.5.10.jar:/Users/BrantleyFan/DevEnvironment/apache-maven-3.8.1/maven-repo/org/springframework/data/spring-data-keyvalue/2.5.10/spring-data-keyvalue-2.5.10.jar:/Users/BrantleyFan/DevEnvironment/apache-maven-3.8.1/maven-repo/org/springframework/data/spring-data-commons/2.5.10/spring-data-commons-2.5.10.jar:/Users/BrantleyFan/DevEnvironment/apache-maven-3.8.1/maven-repo/org/springframework/spring-tx/5.3.18/spring-tx-5.3.18.jar:/Users/BrantleyFan/DevEnvironment/apache-maven-3.8.1/maven-repo/org/springframework/spring-oxm/5.3.18/spring-oxm-5.3.18.jar:/Users/BrantleyFan/DevEnvironment/apache-maven-3.8.1/maven-repo/io/lettuce/lettuce-core/6.1.8.RELEASE/lettuce-core-6.1.8.RELEASE.jar:/Users/BrantleyFan/DevEnvironment/apache-maven-3.8.1/maven-repo/io/netty/netty-common/4.1.75.Final/netty-common-4.1.75.Final.jar:/Users/BrantleyFan/DevEnvironment/apache-maven-3.8.1/maven-repo/io/netty/netty-handler/4.1.75.Final/netty-handler-4.1.75.Final.jar:/Users/BrantleyFan/DevEnvironment/apache-maven-3.8.1/maven-repo/io/netty/netty-resolver/4.1.75.Final/netty-resolver-4.1.75.Final.jar:/Users/BrantleyFan/DevEnvironment/apache-maven-3.8.1/maven-repo/io/netty/netty-buffer/4.1.75.Final/netty-buffer-4.1.75.Final.jar:/Users/BrantleyFan/DevEnvironment/apache-maven-3.8.1/maven-repo/io/netty/netty-codec/4.1.75.Final/netty-codec-4.1.75.Final.jar:/Users/BrantleyFan/DevEnvironment/apache-maven-3.8.1/maven-repo/io/netty/netty-transport/4.1.75.Final/netty-transport-4.1.75.Final.jar:/Users/BrantleyFan/DevEnvironment/apache-maven-3.8.1/maven-repo/io/projectreactor/reactor-core/3.4.16/reactor-core-3.4.16.jar:/Users/BrantleyFan/DevEnvironment/apache-maven-3.8.1/maven-repo/org/reactivestreams/reactive-streams/1.0.3/reactive-streams-1.0.3.jar:/Users/BrantleyFan/DevEnvironment/apache-maven-3.8.1/maven-repo/org/apache/commons/commons-pool2/2.9.0/commons-pool2-2.9.0.jar:/Users/BrantleyFan/DevEnvironment/apache-maven-3.8.1/maven-repo/mysql/mysql-connector-java/8.0.28/mysql-connector-java-8.0.28.jar:/Users/BrantleyFan/DevEnvironment/apache-maven-3.8.1/maven-repo/cn/hutool/hutool-all/4.5.7/hutool-all-4.5.7.jar:/Users/BrantleyFan/DevEnvironment/apache-maven-3.8.1/maven-repo/io/jsonwebtoken/jjwt/0.9.0/jjwt-0.9.0.jar:/Users/BrantleyFan/DevEnvironment/apache-maven-3.8.1/maven-repo/com/fasterxml/jackson/core/jackson-databind/2.12.6.1/jackson-databind-2.12.6.1.jar:/Users/BrantleyFan/DevEnvironment/apache-maven-3.8.1/maven-repo/com/fasterxml/jackson/core/jackson-annotations/2.12.6/jackson-annotations-2.12.6.jar:/Users/BrantleyFan/DevEnvironment/apache-maven-3.8.1/maven-repo/com/fasterxml/jackson/core/jackson-core/2.12.6/jackson-core-2.12.6.jar:/Users/BrantleyFan/DevEnvironment/apache-maven-3.8.1/maven-repo/com/alibaba/fastjson/1.2.33/fastjson-1.2.33.jar:"/>
    <property name="sun.cpu.endian" value="little"/>
    <property name="user.home" value="/Users/BrantleyFan"/>
    <property name="user.language" value="zh"/>
    <property name="java.specification.vendor" value="Oracle Corporation"/>
    <property name="java.home" value="/Library/Java/JavaVirtualMachines/jdk1.8.0_291.jdk/Contents/Home/jre"/>
    <property name="basedir" value="/Users/BrantleyFan/JavaProject/Community"/>
    <property name="file.separator" value="/"/>
    <property name="line.separator" value="&#10;"/>
    <property name="java.vm.specification.vendor" value="Oracle Corporation"/>
    <property name="java.specification.name" value="Java Platform API Specification"/>
    <property name="java.awt.graphicsenv" value="sun.awt.CGraphicsEnvironment"/>
    <property name="surefire.real.class.path" value="/Users/BrantleyFan/JavaProject/Community/target/surefire/surefirebooter446907854328020392.jar"/>
    <property name="sun.boot.class.path" value="/Library/Java/JavaVirtualMachines/jdk1.8.0_291.jdk/Contents/Home/jre/lib/resources.jar:/Library/Java/JavaVirtualMachines/jdk1.8.0_291.jdk/Contents/Home/jre/lib/rt.jar:/Library/Java/JavaVirtualMachines/jdk1.8.0_291.jdk/Contents/Home/jre/lib/sunrsasign.jar:/Library/Java/JavaVirtualMachines/jdk1.8.0_291.jdk/Contents/Home/jre/lib/jsse.jar:/Library/Java/JavaVirtualMachines/jdk1.8.0_291.jdk/Contents/Home/jre/lib/jce.jar:/Library/Java/JavaVirtualMachines/jdk1.8.0_291.jdk/Contents/Home/jre/lib/charsets.jar:/Library/Java/JavaVirtualMachines/jdk1.8.0_291.jdk/Contents/Home/jre/lib/jfr.jar:/Library/Java/JavaVirtualMachines/jdk1.8.0_291.jdk/Contents/Home/jre/classes"/>
    <property name="sun.management.compiler" value="HotSpot 64-Bit Tiered Compilers"/>
    <property name="java.runtime.version" value="1.8.0_291-b10"/>
    <property name="user.name" value="BrantleyFan"/>
    <property name="path.separator" value=":"/>
    <property name="os.version" value="10.16"/>
    <property name="java.endorsed.dirs" value="/Library/Java/JavaVirtualMachines/jdk1.8.0_291.jdk/Contents/Home/jre/lib/endorsed"/>
    <property name="java.runtime.name" value="Java(TM) SE Runtime Environment"/>
    <property name="file.encoding" value="UTF-8"/>
    <property name="java.vm.name" value="Java HotSpot(TM) 64-Bit Server VM"/>
    <property name="localRepository" value="/Users/BrantleyFan/DevEnvironment/apache-maven-3.8.1/maven-repo"/>
    <property name="java.vendor.url.bug" value="http://bugreport.sun.com/bugreport/"/>
    <property name="java.io.tmpdir" value="/var/folders/pz/g95tg4s55jzbtmvvqv83qh500000gn/T/"/>
    <property name="idea.version" value="2021.1.3"/>
    <property name="java.version" value="1.8.0_291"/>
    <property name="user.dir" value="/Users/BrantleyFan/JavaProject/Community"/>
    <property name="os.arch" value="x86_64"/>
    <property name="java.vm.specification.name" value="Java Virtual Machine Specification"/>
    <property name="java.awt.printerjob" value="sun.lwawt.macosx.CPrinterJob"/>
    <property name="sun.os.patch.level" value="unknown"/>
    <property name="java.library.path" value="/Users/BrantleyFan/Library/Java/Extensions:/Library/Java/Extensions:/Network/Library/Java/Extensions:/System/Library/Java/Extensions:/usr/lib/java:."/>
    <property name="java.vm.info" value="mixed mode"/>
    <property name="java.vendor" value="Oracle Corporation"/>
    <property name="java.vm.version" value="25.291-b10"/>
    <property name="java.ext.dirs" value="/Users/BrantleyFan/Library/Java/Extensions:/Library/Java/JavaVirtualMachines/jdk1.8.0_291.jdk/Contents/Home/jre/lib/ext:/Library/Java/Extensions:/Network/Library/Java/Extensions:/System/Library/Java/Extensions:/usr/lib/java"/>
    <property name="sun.io.unicode.encoding" value="UnicodeBig"/>
    <property name="maven.repo.local" value="/Users/BrantleyFan/DevEnvironment/apache-maven-3.8.1/maven-repo"/>
    <property name="java.class.version" value="52.0"/>
  </properties>
  <testcase name="test01" classname="com.fanzibang.community.CommunityApplicationTests" time="0.343"/>
  <testcase name="contextLoads" classname="com.fanzibang.community.CommunityApplicationTests" time="0.002"/>
</testsuite>